This is pdfTeX, Version 3.141592653-2.6-1.40.27 (TeX Live 2025) (preloaded format=pdflatex 2025.4.1)  16 DEC 2025 19:56
entering extended mode
 restricted \write18 enabled.
 %&-line parsing enabled.
**/Users/luisfelipesena/Development/Personal/sistema-de-monitoria-ic/docs/meu-t
cc/main.tex

(/Users/luisfelipesena/Development/Personal/sistema-de-monitoria-ic/docs/meu-tc
c/main.tex
LaTeX2e <2024-11-01> patch level 2
L3 programming layer <2025-01-18>

! LaTeX Error: File `sbc2025.cls' not found.

Type X to quit or <RETURN> to proceed,
or enter new name. (Default extension: cls)

Enter file name: 
! Emergency stop.
<read *> 
         
l.2 ^^M
       
*** (cannot \read from terminal in nonstop modes)

 
Here is how much of TeX's memory you used:
 20 strings out of 473190
 646 string characters out of 5715801
 391984 words of memory out of 5000000
 23372 multiletter control sequences out of 15000+600000
 558837 words of font info for 36 fonts, out of 8000000 for 9000
 1141 hyphenation exceptions out of 8191
 19i,0n,29p,156b,17s stack positions out of 10000i,1000n,20000p,200000b,200000s
!  ==> Fatal error occurred, no output PDF file produced!
