This is pdfTeX, Version 3.141592653-2.6-1.40.28 (TeX Live 2025/Debian) (preloaded format=pdflatex 2026.6.12)  12 JUN 2026 19:41
entering extended mode
 restricted \write18 enabled.
 file:line:error style messages enabled.
 %&-line parsing enabled.
**main.tex
(./main.tex
LaTeX2e <2025-11-01>
L3 programming layer <2026-01-19>
(./sbc2025.cls
Document Class: sbc2025 2022/12/14, v3.0
(/usr/share/texlive/texmf-dist/tex/latex/base/article.cls
Document Class: article 2025/01/22 v1.4n Standard LaTeX document class
(/usr/share/texlive/texmf-dist/tex/latex/base/size10.clo
File: size10.clo 2025/01/22 v1.4n Standard LaTeX file (size option)
)
\c@part=\count275
\c@section=\count276
\c@subsection=\count277
\c@subsubsection=\count278
\c@paragraph=\count279
\c@subparagraph=\count280
\c@figure=\count281
\c@table=\count282
\abovecaptionskip=\skip49
\belowcaptionskip=\skip50
\bibindent=\dimen148
)
(/usr/share/texlive/texmf-dist/tex/latex/orcidlink/orcidlink.sty
Package: orcidlink 2024/06/26 v1.1.0 Support ORCID's three different ID formats
.

(/usr/share/texlive/texmf-dist/tex/latex/hyperref/hyperref.sty
Package: hyperref 2025-07-12 v7.01o Hypertext links for LaTeX

(/usr/share/texlive/texmf-dist/tex/generic/iftex/iftex.sty
Package: iftex 2024/12/12 v1.0g TeX engine tests
)
(/usr/share/texlive/texmf-dist/tex/latex/graphics/keyval.sty
Package: keyval 2022/05/29 v1.15 key=value parser (DPC)
\KV@toks@=\toks17
)
(/usr/share/texlive/texmf-dist/tex/latex/kvsetkeys/kvsetkeys.sty
Package: kvsetkeys 2022-10-05 v1.19 Key value parser (HO)
)
(/usr/share/texlive/texmf-dist/tex/generic/kvdefinekeys/kvdefinekeys.sty
Package: kvdefinekeys 2019-12-19 v1.6 Define keys (HO)
)
(/usr/share/texlive/texmf-dist/tex/generic/pdfescape/pdfescape.sty
Package: pdfescape 2019/12/09 v1.15 Implements pdfTeX's escape features (HO)

(/usr/share/texlive/texmf-dist/tex/generic/ltxcmds/ltxcmds.sty
Package: ltxcmds 2023-12-04 v1.26 LaTeX kernel commands for general use (HO)
)
(/usr/share/texlive/texmf-dist/tex/generic/pdftexcmds/pdftexcmds.sty
Package: pdftexcmds 2020-06-27 v0.33 Utility functions of pdfTeX for LuaTeX (HO
)

(/usr/share/texlive/texmf-dist/tex/generic/infwarerr/infwarerr.sty
Package: infwarerr 2019/12/03 v1.5 Providing info/warning/error messages (HO)
)
Package pdftexcmds Info: \pdf@primitive is available.
Package pdftexcmds Info: \pdf@ifprimitive is available.
Package pdftexcmds Info: \pdfdraftmode found.
))
(/usr/share/texlive/texmf-dist/tex/latex/hycolor/hycolor.sty
Package: hycolor 2020-01-27 v1.10 Color options for hyperref/bookmark (HO)
)
(/usr/share/texlive/texmf-dist/tex/latex/hyperref/nameref.sty
Package: nameref 2025-06-21 v2.57 Cross-referencing by name of section

(/usr/share/texlive/texmf-dist/tex/latex/refcount/refcount.sty
Package: refcount 2019/12/15 v3.6 Data extraction from label references (HO)
)
(/usr/share/texlive/texmf-dist/tex/generic/gettitlestring/gettitlestring.sty
Package: gettitlestring 2019/12/15 v1.6 Cleanup title references (HO)

(/usr/share/texlive/texmf-dist/tex/latex/kvoptions/kvoptions.sty
Package: kvoptions 2022-06-15 v3.15 Key value format for package options (HO)
))
\c@section@level=\count283
)
(/usr/share/texlive/texmf-dist/tex/latex/etoolbox/etoolbox.sty
Package: etoolbox 2025/10/02 v2.5m e-TeX tools for LaTeX (JAW)
\etb@tempcnta=\count284
)
(/usr/share/texlive/texmf-dist/tex/generic/stringenc/stringenc.sty
Package: stringenc 2019/11/29 v1.12 Convert strings between diff. encodings (HO
)
)
\@linkdim=\dimen149
\Hy@linkcounter=\count285
\Hy@pagecounter=\count286

(/usr/share/texlive/texmf-dist/tex/latex/hyperref/pd1enc.def
File: pd1enc.def 2025-07-12 v7.01o Hyperref: PDFDocEncoding definition (HO)
Now handling font encoding PD1 ...
... no UTF-8 mapping file for font encoding PD1
)
(/usr/share/texlive/texmf-dist/tex/generic/intcalc/intcalc.sty
Package: intcalc 2019/12/15 v1.3 Expandable calculations with integers (HO)
)
\Hy@SavedSpaceFactor=\count287

(/usr/share/texlive/texmf-dist/tex/latex/hyperref/puenc.def
File: puenc.def 2025-07-12 v7.01o Hyperref: PDF Unicode definition (HO)
Now handling font encoding PU ...
... no UTF-8 mapping file for font encoding PU
)
Package hyperref Info: Hyper figures OFF on input line 4195.
Package hyperref Info: Link nesting OFF on input line 4200.
Package hyperref Info: Hyper index ON on input line 4203.
Package hyperref Info: Plain pages OFF on input line 4210.
Package hyperref Info: Backreferencing OFF on input line 4215.
Package hyperref Info: Implicit mode ON; LaTeX internals redefined.
Package hyperref Info: Bookmarks ON on input line 4462.
\c@Hy@tempcnt=\count288

(/usr/share/texlive/texmf-dist/tex/latex/url/url.sty
\Urlmuskip=\muskip17
Package: url 2013/09/16  ver 3.4  Verb mode for urls, etc.
)
LaTeX Info: Redefining \url on input line 4801.
\XeTeXLinkMargin=\dimen150

(/usr/share/texlive/texmf-dist/tex/generic/bitset/bitset.sty
Package: bitset 2019/12/09 v1.3 Handle bit-vector datatype (HO)

(/usr/share/texlive/texmf-dist/tex/generic/bigintcalc/bigintcalc.sty
Package: bigintcalc 2019/12/15 v1.5 Expandable calculations on big integers (HO
)
))
\Fld@menulength=\count289
\Field@Width=\dimen151
\Fld@charsize=\dimen152
Package hyperref Info: Hyper figures OFF on input line 6078.
Package hyperref Info: Link nesting OFF on input line 6083.
Package hyperref Info: Hyper index ON on input line 6086.
Package hyperref Info: backreferencing OFF on input line 6093.
Package hyperref Info: Link coloring OFF on input line 6098.
Package hyperref Info: Link coloring with OCG OFF on input line 6103.
Package hyperref Info: PDF/A mode OFF on input line 6108.
\Hy@abspage=\count290
\c@Item=\count291
\c@Hfootnote=\count292
)
Package hyperref Info: Driver (autodetected): hpdftex.

(/usr/share/texlive/texmf-dist/tex/latex/hyperref/hpdftex.def
File: hpdftex.def 2025-07-12 v7.01o Hyperref driver for pdfTeX
\Fld@listcount=\count293
\c@bookmark@seq@number=\count294

(/usr/share/texlive/texmf-dist/tex/latex/rerunfilecheck/rerunfilecheck.sty
Package: rerunfilecheck 2025-06-21 v1.11 Rerun checks for auxiliary files (HO)

(/usr/share/texlive/texmf-dist/tex/generic/uniquecounter/uniquecounter.sty
Package: uniquecounter 2019/12/15 v1.4 Provide unlimited unique counter (HO)
)
Package uniquecounter Info: New unique counter `rerunfilecheck' on input line 2
84.
)
\Hy@SectionHShift=\skip51
)
(/usr/share/texlive/texmf-dist/tex/latex/pgf/frontendlayer/tikz.sty
(/usr/share/texlive/texmf-dist/tex/latex/pgf/basiclayer/pgf.sty
(/usr/share/texlive/texmf-dist/tex/latex/pgf/utilities/pgfrcs.sty
(/usr/share/texlive/texmf-dist/tex/generic/pgf/utilities/pgfutil-common.tex
\pgfutil@everybye=\toks18
\pgfutil@tempdima=\dimen153
\pgfutil@tempdimb=\dimen154
)
(/usr/share/texlive/texmf-dist/tex/generic/pgf/utilities/pgfutil-latex.def
\pgfutil@abb=\box53
)
(/usr/share/texlive/texmf-dist/tex/generic/pgf/utilities/pgfrcs.code.tex
(/usr/share/texlive/texmf-dist/tex/generic/pgf/pgf.revision.tex)
Package: pgfrcs 2025-08-29 v3.1.11a (3.1.11a)
))
Package: pgf 2025-08-29 v3.1.11a (3.1.11a)

(/usr/share/texlive/texmf-dist/tex/latex/pgf/basiclayer/pgfcore.sty
(/usr/share/texlive/texmf-dist/tex/latex/graphics/graphicx.sty
Package: graphicx 2024/12/31 v1.2e Enhanced LaTeX Graphics (DPC,SPQR)

(/usr/share/texlive/texmf-dist/tex/latex/graphics/graphics.sty
Package: graphics 2024/08/06 v1.4g Standard LaTeX Graphics (DPC,SPQR)

(/usr/share/texlive/texmf-dist/tex/latex/graphics/trig.sty
Package: trig 2023/12/02 v1.11 sin cos tan (DPC)
)
(/usr/share/texlive/texmf-dist/tex/latex/graphics-cfg/graphics.cfg
File: graphics.cfg 2016/06/04 v1.11 sample graphics configuration
)
Package graphics Info: Driver file: pdftex.def on input line 106.

(/usr/share/texlive/texmf-dist/tex/latex/graphics-def/pdftex.def
File: pdftex.def 2025/09/29 v1.2d Graphics/color driver for pdftex
))
\Gin@req@height=\dimen155
\Gin@req@width=\dimen156
)
(/usr/share/texlive/texmf-dist/tex/latex/pgf/systemlayer/pgfsys.sty
(/usr/share/texlive/texmf-dist/tex/generic/pgf/systemlayer/pgfsys.code.tex
Package: pgfsys 2025-08-29 v3.1.11a (3.1.11a)

(/usr/share/texlive/texmf-dist/tex/generic/pgf/utilities/pgfkeys.code.tex
\pgfkeys@pathtoks=\toks19
\pgfkeys@temptoks=\toks20

(/usr/share/texlive/texmf-dist/tex/generic/pgf/utilities/pgfkeyslibraryfiltered
.code.tex
\pgfkeys@tmptoks=\toks21
))
\pgf@x=\dimen157
\pgf@y=\dimen158
\pgf@xa=\dimen159
\pgf@ya=\dimen160
\pgf@xb=\dimen161
\pgf@yb=\dimen162
\pgf@xc=\dimen163
\pgf@yc=\dimen164
\pgf@xd=\dimen165
\pgf@yd=\dimen166
\w@pgf@writea=\write3
\r@pgf@reada=\read2
\c@pgf@counta=\count295
\c@pgf@countb=\count296
\c@pgf@countc=\count297
\c@pgf@countd=\count298
\t@pgf@toka=\toks22
\t@pgf@tokb=\toks23
\t@pgf@tokc=\toks24
\pgf@sys@id@count=\count299
 (/usr/share/texlive/texmf-dist/tex/generic/pgf/systemlayer/pgf.cfg
File: pgf.cfg 2025-08-29 v3.1.11a (3.1.11a)
)
Driver file for pgf: pgfsys-pdftex.def
(/usr/share/texlive/texmf-dist/tex/generic/pgf/systemlayer/pgfsys-pdftex.def
File: pgfsys-pdftex.def 2025-08-29 v3.1.11a (3.1.11a)

(/usr/share/texlive/texmf-dist/tex/generic/pgf/systemlayer/pgfsys-common-pdf.de
f
File: pgfsys-common-pdf.def 2025-08-29 v3.1.11a (3.1.11a)
)))
(/usr/share/texlive/texmf-dist/tex/generic/pgf/systemlayer/pgfsyssoftpath.code.
tex
File: pgfsyssoftpath.code.tex 2025-08-29 v3.1.11a (3.1.11a)
\pgfsyssoftpath@smallbuffer@items=\count300
\pgfsyssoftpath@bigbuffer@items=\count301
)
(/usr/share/texlive/texmf-dist/tex/generic/pgf/systemlayer/pgfsysprotocol.code.
tex
File: pgfsysprotocol.code.tex 2025-08-29 v3.1.11a (3.1.11a)
)) (/usr/share/texlive/texmf-dist/tex/latex/xcolor/xcolor.sty
Package: xcolor 2024/09/29 v3.02 LaTeX color extensions (UK)

(/usr/share/texlive/texmf-dist/tex/latex/graphics-cfg/color.cfg
File: color.cfg 2016/01/02 v1.6 sample color configuration
)
Package xcolor Info: Driver file: pdftex.def on input line 274.

(/usr/share/texlive/texmf-dist/tex/latex/graphics/mathcolor.ltx)
Package xcolor Info: Model `cmy' substituted by `cmy0' on input line 1349.
Package xcolor Info: Model `hsb' substituted by `rgb' on input line 1353.
Package xcolor Info: Model `RGB' extended on input line 1365.
Package xcolor Info: Model `HTML' substituted by `rgb' on input line 1367.
Package xcolor Info: Model `Hsb' substituted by `hsb' on input line 1368.
Package xcolor Info: Model `tHsb' substituted by `hsb' on input line 1369.
Package xcolor Info: Model `HSB' substituted by `hsb' on input line 1370.
Package xcolor Info: Model `Gray' substituted by `gray' on input line 1371.
Package xcolor Info: Model `wave' substituted by `hsb' on input line 1372.
)
(/usr/share/texlive/texmf-dist/tex/generic/pgf/basiclayer/pgfcore.code.tex
Package: pgfcore 2025-08-29 v3.1.11a (3.1.11a)

(/usr/share/texlive/texmf-dist/tex/generic/pgf/math/pgfmath.code.tex
(/usr/share/texlive/texmf-dist/tex/generic/pgf/math/pgfmathutil.code.tex)
(/usr/share/texlive/texmf-dist/tex/generic/pgf/math/pgfmathparser.code.tex
\pgfmath@dimen=\dimen167
\pgfmath@count=\count302
\pgfmath@box=\box54
\pgfmath@toks=\toks25
\pgfmath@stack@operand=\toks26
\pgfmath@stack@operation=\toks27
)
(/usr/share/texlive/texmf-dist/tex/generic/pgf/math/pgfmathfunctions.code.tex)
(/usr/share/texlive/texmf-dist/tex/generic/pgf/math/pgfmathfunctions.basic.code
.tex)
(/usr/share/texlive/texmf-dist/tex/generic/pgf/math/pgfmathfunctions.trigonomet
ric.code.tex)
(/usr/share/texlive/texmf-dist/tex/generic/pgf/math/pgfmathfunctions.random.cod
e.tex)
(/usr/share/texlive/texmf-dist/tex/generic/pgf/math/pgfmathfunctions.comparison
.code.tex)
(/usr/share/texlive/texmf-dist/tex/generic/pgf/math/pgfmathfunctions.base.code.
tex)
(/usr/share/texlive/texmf-dist/tex/generic/pgf/math/pgfmathfunctions.round.code
.tex)
(/usr/share/texlive/texmf-dist/tex/generic/pgf/math/pgfmathfunctions.misc.code.
tex)
(/usr/share/texlive/texmf-dist/tex/generic/pgf/math/pgfmathfunctions.integerari
thmetics.code.tex)
(/usr/share/texlive/texmf-dist/tex/generic/pgf/math/pgfmathcalc.code.tex)
(/usr/share/texlive/texmf-dist/tex/generic/pgf/math/pgfmathfloat.code.tex
\c@pgfmathroundto@lastzeros=\count303
))
(/usr/share/texlive/texmf-dist/tex/generic/pgf/math/pgfint.code.tex)
(/usr/share/texlive/texmf-dist/tex/generic/pgf/basiclayer/pgfcorepoints.code.te
x
File: pgfcorepoints.code.tex 2025-08-29 v3.1.11a (3.1.11a)
\pgf@picminx=\dimen168
\pgf@picmaxx=\dimen169
\pgf@picminy=\dimen170
\pgf@picmaxy=\dimen171
\pgf@pathminx=\dimen172
\pgf@pathmaxx=\dimen173
\pgf@pathminy=\dimen174
\pgf@pathmaxy=\dimen175
\pgf@xx=\dimen176
\pgf@xy=\dimen177
\pgf@yx=\dimen178
\pgf@yy=\dimen179
\pgf@zx=\dimen180
\pgf@zy=\dimen181
)
(/usr/share/texlive/texmf-dist/tex/generic/pgf/basiclayer/pgfcorepathconstruct.
code.tex
File: pgfcorepathconstruct.code.tex 2025-08-29 v3.1.11a (3.1.11a)
\pgf@path@lastx=\dimen182
\pgf@path@lasty=\dimen183
)
(/usr/share/texlive/texmf-dist/tex/generic/pgf/basiclayer/pgfcorepathusage.code
.tex
File: pgfcorepathusage.code.tex 2025-08-29 v3.1.11a (3.1.11a)
\pgf@shorten@end@additional=\dimen184
\pgf@shorten@start@additional=\dimen185
)
(/usr/share/texlive/texmf-dist/tex/generic/pgf/basiclayer/pgfcorescopes.code.te
x
File: pgfcorescopes.code.tex 2025-08-29 v3.1.11a (3.1.11a)
\pgfpic=\box55
\pgf@hbox=\box56
\pgf@layerbox@main=\box57
\pgf@picture@serial@count=\count304
)
(/usr/share/texlive/texmf-dist/tex/generic/pgf/basiclayer/pgfcoregraphicstate.c
ode.tex
File: pgfcoregraphicstate.code.tex 2025-08-29 v3.1.11a (3.1.11a)
\pgflinewidth=\dimen186
)
(/usr/share/texlive/texmf-dist/tex/generic/pgf/basiclayer/pgfcoretransformation
s.code.tex
File: pgfcoretransformations.code.tex 2025-08-29 v3.1.11a (3.1.11a)
\pgf@pt@x=\dimen187
\pgf@pt@y=\dimen188
\pgf@pt@temp=\dimen189
)
(/usr/share/texlive/texmf-dist/tex/generic/pgf/basiclayer/pgfcorequick.code.tex
File: pgfcorequick.code.tex 2025-08-29 v3.1.11a (3.1.11a)
)
(/usr/share/texlive/texmf-dist/tex/generic/pgf/basiclayer/pgfcoreobjects.code.t
ex
File: pgfcoreobjects.code.tex 2025-08-29 v3.1.11a (3.1.11a)
)
(/usr/share/texlive/texmf-dist/tex/generic/pgf/basiclayer/pgfcorepathprocessing
.code.tex
File: pgfcorepathprocessing.code.tex 2025-08-29 v3.1.11a (3.1.11a)
)
(/usr/share/texlive/texmf-dist/tex/generic/pgf/basiclayer/pgfcorearrows.code.te
x
File: pgfcorearrows.code.tex 2025-08-29 v3.1.11a (3.1.11a)
\pgfarrowsep=\dimen190
)
(/usr/share/texlive/texmf-dist/tex/generic/pgf/basiclayer/pgfcoreshade.code.tex
File: pgfcoreshade.code.tex 2025-08-29 v3.1.11a (3.1.11a)
\pgf@max=\dimen191
\pgf@sys@shading@range@num=\count305
\pgf@shadingcount=\count306
)
(/usr/share/texlive/texmf-dist/tex/generic/pgf/basiclayer/pgfcoreimage.code.tex
File: pgfcoreimage.code.tex 2025-08-29 v3.1.11a (3.1.11a)
)
(/usr/share/texlive/texmf-dist/tex/generic/pgf/basiclayer/pgfcoreexternal.code.
tex
File: pgfcoreexternal.code.tex 2025-08-29 v3.1.11a (3.1.11a)
\pgfexternal@startupbox=\box58
)
(/usr/share/texlive/texmf-dist/tex/generic/pgf/basiclayer/pgfcorelayers.code.te
x
File: pgfcorelayers.code.tex 2025-08-29 v3.1.11a (3.1.11a)
)
(/usr/share/texlive/texmf-dist/tex/generic/pgf/basiclayer/pgfcoretransparency.c
ode.tex
File: pgfcoretransparency.code.tex 2025-08-29 v3.1.11a (3.1.11a)
)
(/usr/share/texlive/texmf-dist/tex/generic/pgf/basiclayer/pgfcorepatterns.code.
tex
File: pgfcorepatterns.code.tex 2025-08-29 v3.1.11a (3.1.11a)
)
(/usr/share/texlive/texmf-dist/tex/generic/pgf/basiclayer/pgfcorerdf.code.tex
File: pgfcorerdf.code.tex 2025-08-29 v3.1.11a (3.1.11a)
)))
(/usr/share/texlive/texmf-dist/tex/generic/pgf/modules/pgfmoduleshapes.code.tex
File: pgfmoduleshapes.code.tex 2025-08-29 v3.1.11a (3.1.11a)
\pgfnodeparttextbox=\box59
) (/usr/share/texlive/texmf-dist/tex/generic/pgf/modules/pgfmoduleplot.code.tex
File: pgfmoduleplot.code.tex 2025-08-29 v3.1.11a (3.1.11a)
)
(/usr/share/texlive/texmf-dist/tex/latex/pgf/compatibility/pgfcomp-version-0-65
.sty
Package: pgfcomp-version-0-65 2025-08-29 v3.1.11a (3.1.11a)
\pgf@nodesepstart=\dimen192
\pgf@nodesepend=\dimen193
)
(/usr/share/texlive/texmf-dist/tex/latex/pgf/compatibility/pgfcomp-version-1-18
.sty
Package: pgfcomp-version-1-18 2025-08-29 v3.1.11a (3.1.11a)
)) (/usr/share/texlive/texmf-dist/tex/latex/pgf/utilities/pgffor.sty
(/usr/share/texlive/texmf-dist/tex/latex/pgf/utilities/pgfkeys.sty
(/usr/share/texlive/texmf-dist/tex/generic/pgf/utilities/pgfkeys.code.tex))
(/usr/share/texlive/texmf-dist/tex/latex/pgf/math/pgfmath.sty
(/usr/share/texlive/texmf-dist/tex/generic/pgf/math/pgfmath.code.tex))
(/usr/share/texlive/texmf-dist/tex/generic/pgf/utilities/pgffor.code.tex
Package: pgffor 2025-08-29 v3.1.11a (3.1.11a)
\pgffor@iter=\dimen194
\pgffor@skip=\dimen195
\pgffor@stack=\toks28
\pgffor@toks=\toks29
))
(/usr/share/texlive/texmf-dist/tex/generic/pgf/frontendlayer/tikz/tikz.code.tex
Package: tikz 2025-08-29 v3.1.11a (3.1.11a)

(/usr/share/texlive/texmf-dist/tex/generic/pgf/libraries/pgflibraryplothandlers
.code.tex
File: pgflibraryplothandlers.code.tex 2025-08-29 v3.1.11a (3.1.11a)
\pgf@plot@mark@count=\count307
\pgfplotmarksize=\dimen196
)
\tikz@lastx=\dimen197
\tikz@lasty=\dimen198
\tikz@lastxsaved=\dimen199
\tikz@lastysaved=\dimen256
\tikz@lastmovetox=\dimen257
\tikz@lastmovetoy=\dimen258
\tikzleveldistance=\dimen259
\tikzsiblingdistance=\dimen260
\tikz@figbox=\box60
\tikz@figbox@bg=\box61
\tikz@tempbox=\box62
\tikz@tempbox@bg=\box63
\tikztreelevel=\count308
\tikznumberofchildren=\count309
\tikznumberofcurrentchild=\count310
\tikz@fig@count=\count311

(/usr/share/texlive/texmf-dist/tex/generic/pgf/modules/pgfmodulematrix.code.tex
File: pgfmodulematrix.code.tex 2025-08-29 v3.1.11a (3.1.11a)
\pgfmatrixcurrentrow=\count312
\pgfmatrixcurrentcolumn=\count313
\pgf@matrix@numberofcolumns=\count314
)
\tikz@expandcount=\count315

(/usr/share/texlive/texmf-dist/tex/generic/pgf/frontendlayer/tikz/libraries/tik
zlibrarytopaths.code.tex
File: tikzlibrarytopaths.code.tex 2025-08-29 v3.1.11a (3.1.11a)
)))
(/usr/share/texlive/texmf-dist/tex/generic/pgf/frontendlayer/tikz/libraries/tik
zlibrarysvg.path.code.tex
File: tikzlibrarysvg.path.code.tex 2025-08-29 v3.1.11a (3.1.11a)

(/usr/share/texlive/texmf-dist/tex/generic/pgf/libraries/pgflibrarysvg.path.cod
e.tex
File: pgflibrarysvg.path.code.tex 2025-08-29 v3.1.11a (3.1.11a)

(/usr/share/texlive/texmf-dist/tex/generic/pgf/modules/pgfmoduleparser.code.tex
File: pgfmoduleparser.code.tex 2025-08-29 v3.1.11a (3.1.11a)
\pgfparserdef@arg@count=\count316
)
\pgf@lib@svg@last@x=\dimen261
\pgf@lib@svg@last@y=\dimen262
\pgf@lib@svg@last@c@x=\dimen263
\pgf@lib@svg@last@c@y=\dimen264
\pgf@lib@svg@count=\count317
\pgf@lib@svg@max@num=\count318
))
\@curXheight=\skip52
) (/usr/share/texlive/texmf-dist/tex/latex/fontawesome/fontawesome.sty
Package: fontawesome 2016/05/15 v4.6.3.1 font awesome icons

(/usr/share/texlive/texmf-dist/tex/generic/iftex/ifxetex.sty
Package: ifxetex 2019/10/25 v0.7 ifxetex legacy package. Use iftex instead.
)
(/usr/share/texlive/texmf-dist/tex/generic/iftex/ifluatex.sty
Package: ifluatex 2019/10/25 v1.5 ifluatex legacy package. Use iftex instead.
)
(/usr/share/texlive/texmf-dist/tex/latex/fontawesome/fontawesomesymbols-generic
.tex)
(/usr/share/texlive/texmf-dist/tex/latex/fontawesome/fontawesomesymbols-pdftex.
tex)) (/usr/share/texlive/texmf-dist/tex/latex/base/fontenc.sty
Package: fontenc 2025/07/18 v2.1d Standard LaTeX package
)
(/usr/share/texmf/tex/latex/tex-gyre/tgtermes.sty
Package: tgtermes 2009/09/27 v1.2 TeX Gyre Termes as default roman family
)
(/usr/share/texlive/texmf-dist/tex/latex/microtype/microtype.sty
Package: microtype 2025/07/09 v3.2b Micro-typographical refinements (RS)
\MT@toks=\toks30
\MT@tempbox=\box64
\MT@count=\count319
LaTeX Info: Redefining \noprotrusionifhmode on input line 1087.
LaTeX Info: Redefining \leftprotrusion on input line 1088.
\MT@prot@toks=\toks31
LaTeX Info: Redefining \rightprotrusion on input line 1107.
LaTeX Info: Redefining \textls on input line 1449.
\MT@outer@kern=\dimen265
LaTeX Info: Redefining \microtypecontext on input line 2053.
LaTeX Info: Redefining \textmicrotypecontext on input line 2070.
\MT@listname@count=\count320

(/usr/share/texlive/texmf-dist/tex/latex/microtype/microtype-pdftex.def
File: microtype-pdftex.def 2025/07/09 v3.2b Definitions specific to pdftex (RS)

LaTeX Info: Redefining \lsstyle on input line 944.
LaTeX Info: Redefining \lslig on input line 944.
\MT@outer@space=\skip53
)
Package microtype Info: Loading configuration file microtype.cfg.

(/usr/share/texlive/texmf-dist/tex/latex/microtype/microtype.cfg
File: microtype.cfg 2025/07/09 v3.2b microtype main configuration file (RS)
)
LaTeX Info: Redefining \microtypesetup on input line 3065.
)
(/usr/share/texlive/texmf-dist/tex/latex/fira/FiraSans.sty
Package: FiraSans 2022/09/17 (Bob Tennent and autoinst) Style file for Fira San
s fonts.

(/usr/share/texlive/texmf-dist/tex/latex/xkeyval/xkeyval.sty
Package: xkeyval 2025/11/04 v2.10 package option processing (HA)

(/usr/share/texlive/texmf-dist/tex/generic/xkeyval/xkeyval.tex
(/usr/share/texlive/texmf-dist/tex/generic/xkeyval/xkvutils.tex
\XKV@toks=\toks32
\XKV@tempa@toks=\toks33
\XKV@tempb@toks=\toks34
)
\XKV@depth=\count321
File: xkeyval.tex 2014/12/03 v2.7a key=value parser (HA)
))
(/usr/share/texlive/texmf-dist/tex/latex/base/textcomp.sty
Package: textcomp 2024/04/24 v2.1b Standard LaTeX package
)
(/usr/share/texlive/texmf-dist/tex/latex/fontaxes/fontaxes.sty
Package: fontaxes 2026-01-02 v2.0.2 Font selection axes (deprecated)
Applying: [2024-11-01] Use figureversions if present on input line 74.

(/usr/share/texlive/texmf-dist/tex/latex/figureversions/figureversions.sty
Package: figureversions 2025-04-29 v1.0.1 Figure versions
)
Already applied: [0000-00-00] Fall back to v1 on input line 76.
))
(/usr/share/texlive/texmf-dist/tex/latex/amsmath/amsmath.sty
Package: amsmath 2025/07/09 v2.17z AMS math features
\@mathmargin=\skip54

For additional information on amsmath, use the `?' option.
(/usr/share/texlive/texmf-dist/tex/latex/amsmath/amstext.sty
Package: amstext 2024/11/17 v2.01 AMS text

(/usr/share/texlive/texmf-dist/tex/latex/amsmath/amsgen.sty
File: amsgen.sty 1999/11/30 v2.0 generic functions
\@emptytoks=\toks35
\ex@=\dimen266
))
(/usr/share/texlive/texmf-dist/tex/latex/amsmath/amsbsy.sty
Package: amsbsy 1999/11/29 v1.2d Bold Symbols
\pmbraise@=\dimen267
)
(/usr/share/texlive/texmf-dist/tex/latex/amsmath/amsopn.sty
Package: amsopn 2022/04/08 v2.04 operator names
)
\inf@bad=\count322
LaTeX Info: Redefining \frac on input line 233.
\uproot@=\count323
\leftroot@=\count324
LaTeX Info: Redefining \overline on input line 398.
LaTeX Info: Redefining \colon on input line 409.
\classnum@=\count325
\DOTSCASE@=\count326
LaTeX Info: Redefining \ldots on input line 495.
LaTeX Info: Redefining \dots on input line 498.
LaTeX Info: Redefining \cdots on input line 619.
\Mathstrutbox@=\box65
\strutbox@=\box66
LaTeX Info: Redefining \big on input line 721.
LaTeX Info: Redefining \Big on input line 722.
LaTeX Info: Redefining \bigg on input line 723.
LaTeX Info: Redefining \Bigg on input line 724.
\big@size=\dimen268
LaTeX Font Info:    Redeclaring font encoding OML on input line 742.
LaTeX Font Info:    Redeclaring font encoding OMS on input line 743.
\macc@depth=\count327
LaTeX Info: Redefining \bmod on input line 904.
LaTeX Info: Redefining \pmod on input line 909.
LaTeX Info: Redefining \smash on input line 939.
LaTeX Info: Redefining \relbar on input line 969.
LaTeX Info: Redefining \Relbar on input line 970.
\c@MaxMatrixCols=\count328
\dotsspace@=\muskip18
\c@parentequation=\count329
\dspbrk@lvl=\count330
\tag@help=\toks36
\row@=\count331
\column@=\count332
\maxfields@=\count333
\andhelp@=\toks37
\eqnshift@=\dimen269
\alignsep@=\dimen270
\tagshift@=\dimen271
\tagwidth@=\dimen272
\totwidth@=\dimen273
\lineht@=\dimen274
\@envbody=\toks38
\multlinegap=\skip55
\multlinetaggap=\skip56
\mathdisplay@stack=\toks39
LaTeX Info: Redefining \[ on input line 2950.
LaTeX Info: Redefining \] on input line 2951.
)
(/usr/share/texlive/texmf-dist/tex/latex/amsfonts/amssymb.sty
Package: amssymb 2013/01/14 v3.01 AMS font symbols

(/usr/share/texlive/texmf-dist/tex/latex/amsfonts/amsfonts.sty
Package: amsfonts 2013/01/14 v3.01 Basic AMSFonts support
\symAMSa=\mathgroup4
\symAMSb=\mathgroup5
LaTeX Font Info:    Redeclaring math symbol \hbar on input line 98.
LaTeX Font Info:    Overwriting math alphabet `\mathfrak' in version `bold'
(Font)                  U/euf/m/n --> U/euf/b/n on input line 106.
))
(/usr/share/texlive/texmf-dist/tex/latex/abstract/abstract.sty
Package: abstract 2009/06/08 v1.2a configurable abstracts
\abstitleskip=\skip57
\absleftindent=\skip58
\absrightindent=\skip59
\absparindent=\skip60
\absparsep=\skip61
)
(/usr/share/texlive/texmf-dist/tex/latex/enumitem/enumitem.sty
Package: enumitem 2025/02/06 v3.11 Customized lists
\labelindent=\skip62
\enit@outerparindent=\dimen275
\enit@toks=\toks40
\enit@inbox=\box67
\enit@count@id=\count334
\enitdp@description=\count335
)
(/usr/share/texlive/texmf-dist/tex/latex/titlesec/titlesec.sty
Package: titlesec 2025/01/04 v2.17 Sectioning titles
\ttl@box=\box68
\beforetitleunit=\skip63
\aftertitleunit=\skip64
\ttl@plus=\dimen276
\ttl@minus=\dimen277
\ttl@toksa=\toks41
\titlewidth=\dimen278
\titlewidthlast=\dimen279
\titlewidthfirst=\dimen280
)
(/usr/share/texlive/texmf-dist/tex/latex/caption/caption.sty
Package: caption 2023/08/05 v3.6o Customizing captions (AR)

(/usr/share/texlive/texmf-dist/tex/latex/caption/caption3.sty
Package: caption3 2023/07/31 v2.4d caption3 kernel (AR)
\caption@tempdima=\dimen281
\captionmargin=\dimen282
\caption@leftmargin=\dimen283
\caption@rightmargin=\dimen284
\caption@width=\dimen285
\caption@indent=\dimen286
\caption@parindent=\dimen287
\caption@hangindent=\dimen288
Package caption Info: Standard document class detected.
)
\c@caption@flags=\count336
\c@continuedfloat=\count337
Package caption Info: hyperref package is loaded.
)
(/usr/share/texlive/texmf-dist/tex/latex/fancyhdr/fancyhdr.sty
Package: fancyhdr 2025/02/07 v5.2 Extensive control of page headers and footers

\f@nch@headwidth=\skip65
\f@nch@offset@elh=\skip66
\f@nch@offset@erh=\skip67
\f@nch@offset@olh=\skip68
\f@nch@offset@orh=\skip69
\f@nch@offset@elf=\skip70
\f@nch@offset@erf=\skip71
\f@nch@offset@olf=\skip72
\f@nch@offset@orf=\skip73
\f@nch@height=\skip74
\f@nch@footalignment=\skip75
\f@nch@widthL=\skip76
\f@nch@widthC=\skip77
\f@nch@widthR=\skip78
\@temptokenb=\toks42
)
(/usr/share/texlive/texmf-dist/tex/latex/geometry/geometry.sty
Package: geometry 2020/01/02 v5.9 Page Geometry

(/usr/share/texlive/texmf-dist/tex/generic/iftex/ifvtex.sty
Package: ifvtex 2019/10/25 v1.7 ifvtex legacy package. Use iftex instead.
)
\Gm@cnth=\count338
\Gm@cntv=\count339
\c@Gm@tempcnt=\count340
\Gm@bindingoffset=\dimen289
\Gm@wd@mp=\dimen290
\Gm@odd@mp=\dimen291
\Gm@even@mp=\dimen292
\Gm@layoutwidth=\dimen293
\Gm@layoutheight=\dimen294
\Gm@layouthoffset=\dimen295
\Gm@layoutvoffset=\dimen296
\Gm@dimlist=\toks43
)
(/usr/share/texlive/texmf-dist/tex/latex/l3kernel/expl3.sty
Package: expl3 2026-01-19 L3 programming layer (loader) 

(/usr/share/texlive/texmf-dist/tex/latex/l3backend/l3backend-pdftex.def
File: l3backend-pdftex.def 2025-10-09 L3 backend support: PDF output (pdfTeX)
\l__color_backend_stack_int=\count341
))
(/usr/share/texlive/texmf-dist/tex/latex/l3packages/xparse/xparse.sty
Package: xparse 2025-10-09 L3 Experimental document command parser
)
(/usr/share/texlive/texmf-dist/tex/generic/xstring/xstring.sty
(/usr/share/texlive/texmf-dist/tex/generic/xstring/xstring.tex
\xs_counta=\count342
\xs_countb=\count343
)
Package: xstring 2023/08/22 v1.86 String manipulations (CT)
)
(/usr/share/texlive/texmf-dist/tex/latex/trimspaces/trimspaces.sty
Package: trimspaces 2009/09/17 v1.1 Trim spaces around a token list
)
(/usr/share/texlive/texmf-dist/tex/generic/babel/babel.sty
Package: babel 2026/01/18 v26.1 The multilingual framework for LuaLaTeX, pdfLaT
eX and XeLaTeX
\babel@savecnt=\count344
LaTeX Encoding Info:    Redeclaring text command \ij (encoding OT1) on input li
ne 2078.
LaTeX Encoding Info:    Redeclaring text command \IJ (encoding OT1) on input li
ne 2080.
LaTeX Encoding Info:    Redeclaring text command \ij (encoding T1) on input lin
e 2082.
LaTeX Encoding Info:    Redeclaring text command \IJ (encoding T1) on input lin
e 2083.
LaTeX Encoding Info:    Ignoring declaration for text command \ij (encoding ?) 
on input line 2084.
LaTeX Encoding Info:    Ignoring declaration for text command \IJ (encoding ?) 
on input line 2086.
LaTeX Encoding Info:    Ignoring declaration for text command \SS (encoding ?) 
on input line 2111.
\U@D=\dimen297
\l@unhyphenated=\language4

(/usr/share/texlive/texmf-dist/tex/generic/babel/txtbabel.def)
\bbl@readstream=\read3
\bbl@dirlevel=\count345

(/usr/share/texlive/texmf-dist/tex/generic/babel/locale/pt/babel-portuguese.tex
)
Package babel Info: Importing font and identification data for portuguese
(babel)             from babel-pt.ini. Reported on input line 4330.
 (/usr/share/texlive/texmf-dist/tex/generic/babel-portuges/portuguese.ldf
Language: portuges 2021/07/09 v1.2t Portuguese support from the babel system
Package babel Info: Making " an active character on input line 143.
))
(/usr/share/texlive/texmf-dist/tex/generic/oberdiek/iflang.sty
Package: iflang 2018/01/21 v1.7 Checks for the current language (HO)
Package iflang Info: Naming convention for patterns: babel.
)
(/usr/share/texlive/texmf-dist/tex/latex/tools/calc.sty
Package: calc 2025/03/01 v4.3b Infix arithmetic (KKT,FJ)
\calc@Acount=\count346
\calc@Bcount=\count347
\calc@Adimen=\dimen298
\calc@Bdimen=\dimen299
\calc@Askip=\skip79
\calc@Bskip=\skip80
LaTeX Info: Redefining \setlength on input line 86.
LaTeX Info: Redefining \addtolength on input line 87.
\calc@Ccount=\count348
\calc@Cskip=\skip81
)
(/usr/share/texlive/texmf-dist/tex/latex/environ/environ.sty
Package: environ 2014/05/04 v0.3 A new way to define environments
)
\enitdp@unnumlist=\count349

(/usr/share/texlive/texmf-dist/tex/latex/natbib/natbib.sty
Package: natbib 2010/09/13 8.31b (PWD, AO)
\bibhang=\skip82
\bibsep=\skip83
LaTeX Info: Redefining \cite on input line 694.
\c@NAT@ctr=\count350
))
(/usr/share/texlive/texmf-dist/tex/latex/ifsym/ifsym.sty
Package: ifsym 2000/04/18 I.Kloeckl
\c@ifsymcnt=\count351
) (./aas_macros.sty)
(/usr/share/texlive/texmf-dist/tex/latex/footmisc/footmisc.sty
Package: footmisc 2025/05/09 v7.0b a miscellany of footnote facilities
\FN@temptoken=\toks44
\footnotemargin=\dimen300
Package footmisc Info: Declaring symbol style bringhurst on input line 549.
Package footmisc Info: Declaring symbol style chicago on input line 557.
Package footmisc Info: Declaring symbol style wiley on input line 566.
Package footmisc Info: Declaring symbol style lamport-robust on input line 577.

Package footmisc Info: Declaring symbol style lamport* on input line 597.
Package footmisc Info: Declaring symbol style lamport*-robust on input line 618
.
)
(/usr/share/texlive/texmf-dist/tex/latex/tabularray/tabularray.sty
Package: tabularray 2025-11-27 v2025C Typeset tabulars and arrays with LaTeX3

(/usr/share/texlive/texmf-dist/tex/latex/ninecolors/ninecolors.sty
Package: ninecolors 2022-02-13 v2022D Select colors with proper color contrast
)
\g__tblr_nohyper_int=\count352
\l__tblr_a_int=\count353
\l__tblr_c_int=\count354
\l__tblr_r_int=\count355
\l__tblr_d_dim=\dimen301
\l__tblr_h_dim=\dimen302
\l__tblr_o_dim=\dimen303
\l__tblr_p_dim=\dimen304
\l__tblr_q_dim=\dimen305
\l__tblr_r_dim=\dimen306
\l__tblr_s_dim=\dimen307
\l__tblr_t_dim=\dimen308
\l__tblr_v_dim=\dimen309
\l__tblr_w_dim=\dimen310
\l__tblr_a_box=\box69
\l__tblr_b_box=\box70
\l__tblr_c_box=\box71
\l__tblr_d_box=\box72
\c@tblrcount=\count356
\c@rownum=\count357
\c@colnum=\count358
\c@rowcount=\count359
\c@colcount=\count360
\abovesep=\dimen311
\belowsep=\dimen312
\leftsep=\dimen313
\rightsep=\dimen314
\gTblrLevelInt=\count361
\g__tblr_data_row_key_count_int=\count362
\g__tblr_data_column_key_count_int=\count363
\g__tblr_data_cell_key_count_int=\count364
\g__tblr_array_int=\count365
\l__tblr_key_count_int=\count366
\l__tblr_key_quotient_int=\count367
\l__tblr_key_quotient_two_int=\count368
\l__tblr_key_remainder_int=\count369
\g__tblr_data_str_value_count_int=\count370
\lTblrChildTotalInt=\count371
\lTblrChildHtotalInt=\count372
\lTblrChildVtotalInt=\count373
\l__child_diff_h_int=\count374
\l__child_diff_v_int=\count375
\l__child_sign_h_int=\count376
\l__child_sign_v_int=\count377
\l__child_step_int=\count378
\lTblrDefaultHruleWidthDim=\dimen315
\lTblrDefaultVruleWidthDim=\dimen316
\l__tblr_split_balance_int=\count379
\l__tblr_strut_dp_dim=\dimen317
\l__tblr_strut_ht_dim=\dimen318
\g__tblr_cell_wd_dim=\dimen319
\g__tblr_cell_ht_dim=\dimen320
\g__tblr_cell_head_dim=\dimen321
\g__tblr_cell_foot_dim=\dimen322
\l__tblr_measured_cell_box=\box73
\g__tblr_last_box=\box74
\l__tblr_temp_box=\box75
\l__tblr_column_target_dim=\dimen323
\l__tblr_hfuzz_dim=\dimen324
\l__tblr_caption_box=\box76
\l__tblr_caption_left_box=\box77
\lTblrRowHeadInt=\count380
\lTblrRowFootInt=\count381
\l__tblr_row_head_box=\box78
\l__tblr_row_foot_box=\box79
\l__tblr_row_head_foot_dim=\dimen325
\lTblrTableWidthDim=\dimen326
\l__tblr_table_firsthead_box=\box80
\l__tblr_table_middlehead_box=\box81
\l__tblr_table_lasthead_box=\box82
\l__tblr_table_firstfoot_box=\box83
\l__tblr_table_middlefoot_box=\box84
\l__tblr_table_lastfoot_box=\box85
\l__tblr_remain_height_dim=\dimen327
\l__tblr_next_rows_dim=\dimen328
\l__tblr_page_overfill_dim=\dimen329
\l__tblr_long_from_int=\count382
\l__tblr_long_to_int=\count383
\l__tblr_curr_i_int=\count384
\l__tblr_prev_i_int=\count385
\lTblrTablePageInt=\count386
\l__tblr_table_head_box=\box86
\l__tblr_table_foot_box=\box87
\l__tblr_table_head_foot_dim=\dimen330
\l__tblr_table_head_body_foot_dim=\dimen331
\l__tblr_table_box=\box88
\lTblrRowFirstInt=\count387
\lTblrRowLastInt=\count388
\l__tblr_cover_box_a_dim=\dimen332
\l__tblr_cover_box_b_dim=\dimen333
\l__tblr_table_hlines_box=\box89
\l__tblr_hline_box=\box90
\l__tblr_row_box=\box91
\l__tblr_col_o_wd_dim=\dimen334
\l__tblr_col_b_wd_dim=\dimen335
\l__tblr_hline_leftskip_dim=\dimen336
\l__tblr_hline_rightskip_dim=\dimen337
\l__tblr_row_ht_dim=\dimen338
\l__tblr_row_dp_dim=\dimen339
\l__tblr_row_abovesep_dim=\dimen340
\l__tblr_row_belowsep_dim=\dimen341
\l__tblr_row_vlines_box=\box92
\l__tblr_vline_box=\box93
\l__tblr_cell_box=\box94
\l__tblr_row_upper_dim=\dimen342
\l__tblr_row_lower_dim=\dimen343
\l__tblr_row_vpace_dim=\dimen344
\l__tblr_vline_aboveskip_dim=\dimen345
\l__tblr_vline_belowskip_dim=\dimen346
\lTblrCellRowSpanInt=\count389
\lTblrCellColSpanInt=\count390
\l__tblr_cell_wd_dim=\dimen347
\l__tblr_cell_ht_dim=\dimen348
\lTblrCellAboveBorderWidthDim=\dimen349
\lTblrCellBelowBorderWidthDim=\dimen350
\lTblrCellLeftBorderWidthDim=\dimen351
\lTblrCellRightBorderWidthDim=\dimen352
\l__tblr_diag_box=\box95
\l__tblr_cell_inner_wd_dim=\dimen353
\l__tblr_cell_inner_dp_dim=\dimen354
\l__tblr_cell_hanchor_dim=\dimen355
\l__tblr_last_cell_table_ht_dim=\dimen356
\l__tblr_last_cell_table_dp_dim=\dimen357
\l__tblr_last_vline_wd_dim=\dimen358
\l__tblr_tikz_node_box=\box96
)
(/usr/share/texlive/texmf-dist/tex/latex/adjustbox/adjustbox.sty
Package: adjustbox 2025/02/26 v1.3c Adjusting TeX boxes (trim, clip, ...)

(/usr/share/texlive/texmf-dist/tex/latex/adjustbox/adjcalc.sty
Package: adjcalc 2012/05/16 v1.1 Provides advanced setlength with multiple back
-ends (calc, etex, pgfmath)
)
(/usr/share/texlive/texmf-dist/tex/latex/adjustbox/trimclip.sty
Package: trimclip 2025/02/21 v1.2a Trim and clip general TeX material

(/usr/share/texlive/texmf-dist/tex/latex/collectbox/collectbox.sty
Package: collectbox 2022/10/17 v0.4c Collect macro arguments as boxes
\collectedbox=\box97
)
\tc@llx=\dimen359
\tc@lly=\dimen360
\tc@urx=\dimen361
\tc@ury=\dimen362
Package trimclip Info: Using driver 'tc-pdftex.def'.

(/usr/share/texlive/texmf-dist/tex/latex/adjustbox/tc-pdftex.def
File: tc-pdftex.def 2025/02/26 v2.3 Clipping driver for pdftex
))
\adjbox@Width=\dimen363
\adjbox@Height=\dimen364
\adjbox@Depth=\dimen365
\adjbox@Totalheight=\dimen366
\adjbox@pwidth=\dimen367
\adjbox@pheight=\dimen368
\adjbox@pdepth=\dimen369
\adjbox@ptotalheight=\dimen370

(/usr/share/texlive/texmf-dist/tex/latex/ifoddpage/ifoddpage.sty
Package: ifoddpage 2022/10/18 v1.2 Conditionals for odd/even page detection
\c@checkoddpage=\count391
)
(/usr/share/texlive/texmf-dist/tex/latex/varwidth/varwidth.sty
Package: varwidth 2009/03/30 ver 0.92;  Variable-width minipages
\@vwid@box=\box98
\sift@deathcycles=\count392
\@vwid@loff=\dimen371
\@vwid@roff=\dimen372
)
==> First Aid for varwidth.sty applied!
) (/usr/share/texlive/texmf-dist/tex/latex/sttools/stfloats.sty
Package: stfloats 2025/06/18 v3.4 Improve float mechanism and baselineskip sett
ings
\@dblbotnum=\count393
\c@dblbotnumber=\count394
)
(/usr/share/texlive/texmf-dist/tex/latex/placeins/placeins.sty
Package: placeins 2005/04/18  v 2.2
)
(/usr/share/texlive/texmf-dist/tex/latex/float/float.sty
Package: float 2001/11/08 v1.3d Float enhancements (AL)
\c@float@type=\count395
\float@exts=\toks45
\float@box=\box99
\@float@everytoks=\toks46
\@floatcapt=\box100
)
(/usr/share/texlive/texmf-dist/tex/generic/pgf/libraries/pgflibraryarrows.meta.
code.tex
File: pgflibraryarrows.meta.code.tex 2025-08-29 v3.1.11a (3.1.11a)
\pgfarrowinset=\dimen373
\pgfarrowlength=\dimen374
\pgfarrowwidth=\dimen375
\pgfarrowlinewidth=\dimen376
LaTeX Font Info:    Trying to load font information for T1+qtm on input line 20
4.
 (/usr/share/texmf/tex/latex/tex-gyre/t1qtm.fd
File: t1qtm.fd 2009/09/25 v1.2 font definition file for T1/qtm
))
(/usr/share/texlive/texmf-dist/tex/generic/pgf/frontendlayer/tikz/libraries/tik
zlibrarypositioning.code.tex
File: tikzlibrarypositioning.code.tex 2025-08-29 v3.1.11a (3.1.11a)
)
(/usr/share/texlive/texmf-dist/tex/generic/pgf/frontendlayer/tikz/libraries/tik
zlibraryfit.code.tex
File: tikzlibraryfit.code.tex 2025-08-29 v3.1.11a (3.1.11a)
)
(/usr/share/texlive/texmf-dist/tex/generic/pgf/frontendlayer/tikz/libraries/tik
zlibrarycalc.code.tex
File: tikzlibrarycalc.code.tex 2025-08-29 v3.1.11a (3.1.11a)
)
(/usr/share/texlive/texmf-dist/tex/generic/pgf/frontendlayer/tikz/libraries/tik
zlibrarymatrix.code.tex
File: tikzlibrarymatrix.code.tex 2025-08-29 v3.1.11a (3.1.11a)
)
(/usr/share/texlive/texmf-dist/tex/latex/tools/afterpage.sty
Package: afterpage 2023/07/04 v1.08 After-Page Package (DPC)
\AP@output=\toks47
\AP@partial=\box101
\AP@footins=\box102
)
(/usr/share/texlive/texmf-dist/tex/latex/psnfss/pifont.sty
Package: pifont 2020/03/25 PSNFSS-v9.3 Pi font support (SPQR) 
LaTeX Font Info:    Trying to load font information for U+pzd on input line 63.


(/usr/share/texlive/texmf-dist/tex/latex/psnfss/upzd.fd
File: upzd.fd 2001/06/04 font definitions for U/pzd.
)
LaTeX Font Info:    Trying to load font information for U+psy on input line 64.


(/usr/share/texlive/texmf-dist/tex/latex/psnfss/upsy.fd
File: upsy.fd 2001/06/04 font definitions for U/psy.
))
Package hyperref Info: Option `colorlinks' set `true' on input line 31.
Package hyperref Info: Option `breaklinks' set `true' on input line 31.
 (./main.aux
Package babel Info: 'portuguese' activates 'portuges' shorthands.
(babel)             Reported on input line 12.
)
\openout1 = `main.aux'.

LaTeX Font Info:    Checking defaults for OML/cmm/m/it on input line 49.
LaTeX Font Info:    ... okay on input line 49.
LaTeX Font Info:    Checking defaults for OMS/cmsy/m/n on input line 49.
LaTeX Font Info:    ... okay on input line 49.
LaTeX Font Info:    Checking defaults for OT1/cmr/m/n on input line 49.
LaTeX Font Info:    ... okay on input line 49.
LaTeX Font Info:    Checking defaults for T1/cmr/m/n on input line 49.
LaTeX Font Info:    ... okay on input line 49.
LaTeX Font Info:    Checking defaults for TS1/cmr/m/n on input line 49.
LaTeX Font Info:    ... okay on input line 49.
LaTeX Font Info:    Checking defaults for OMX/cmex/m/n on input line 49.
LaTeX Font Info:    ... okay on input line 49.
LaTeX Font Info:    Checking defaults for U/cmr/m/n on input line 49.
LaTeX Font Info:    ... okay on input line 49.
LaTeX Font Info:    Checking defaults for PD1/pdf/m/n on input line 49.
LaTeX Font Info:    ... okay on input line 49.
LaTeX Font Info:    Checking defaults for PU/pdf/m/n on input line 49.
LaTeX Font Info:    ... okay on input line 49.
Package hyperref Info: Link coloring ON on input line 49.

(./main.out) (./main.out)
\@outlinefile=\write4
\openout4 = `main.out'.


(/usr/share/texlive/texmf-dist/tex/context/base/mkii/supp-pdf.mkii
[Loading MPS to PDF converter (version 2006.09.02).]
\scratchcounter=\count396
\scratchdimen=\dimen377
\scratchbox=\box103
\nofMPsegments=\count397
\nofMParguments=\count398
\everyMPshowfont=\toks48
\MPscratchCnt=\count399
\MPscratchDim=\dimen378
\MPnumerator=\count400
\makeMPintoPDFobject=\count401
\everyMPtoPDFconversion=\toks49
) (/usr/share/texlive/texmf-dist/tex/latex/epstopdf-pkg/epstopdf-base.sty
Package: epstopdf-base 2020-01-24 v2.11 Base part for package epstopdf
Package epstopdf-base Info: Redefining graphics rule for `.eps' on input line 4
85.

(/usr/share/texlive/texmf-dist/tex/latex/latexconfig/epstopdf-sys.cfg
File: epstopdf-sys.cfg 2010/07/13 v1.3 Configuration of (r)epstopdf for TeX Liv
e
))
Package microtype Info: Patching varwidth to enable character protrusion.
\MT@vwid@leftmargin=\dimen379
\MT@vwid@rightmargin=\dimen380
LaTeX Info: Redefining \microtypecontext on input line 49.
Package microtype Info: Applying patch `item' on input line 49.
Package microtype Info: Applying patch `toc' on input line 49.
Package microtype Info: Applying patch `eqnum' on input line 49.
Package microtype Info: Applying patch `footnote' on input line 49.
Package microtype Info: Applying patch `verbatim' on input line 49.
LaTeX Info: Redefining \microtypesetup on input line 49.
Package microtype Info: Generating PDF output.
Package microtype Info: Character protrusion enabled (level 2).
Package microtype Info: Using default protrusion set `alltext'.
Package microtype Info: Automatic font expansion enabled (level 2),
(microtype)             stretch: 20, shrink: 20, step: 1, non-selected.
Package microtype Info: Using default expansion set `alltext-nott'.
Package microtype Info: Patching command `\showhyphens'.
Package microtype Info: Tracking enabled.
Package microtype Info: Using tracking set `smallcaps'.
Package microtype Info: No adjustment of interword spacing.
Package microtype Info: No adjustment of character kerning.

(/usr/share/texlive/texmf-dist/tex/latex/microtype/mt-ptm.cfg
File: mt-ptm.cfg 2006/04/20 v1.7 microtype config. file: Times (RS)
)
\c@mv@tabular=\count402
\c@mv@boldtabular=\count403
Package caption Info: Begin \AtBeginDocument code.
Package caption Info: float package is loaded.
Package caption Info: End \AtBeginDocument code.

*geometry* driver: auto-detecting
*geometry* detected driver: pdftex
*geometry* verbose mode - [ preamble ] result:
* driver: pdftex
* paper: a4paper
* layout: <same size as paper>
* layoutoffset:(h,v)=(0.0pt,0.0pt)
* modes: includehead twoside 
* h-part:(L,W,R)=(50.58878pt, 498.0pt, 48.9191pt)
* v-part:(T,H,B)=(28.90755pt, 758.0pt, 58.1393pt)
* \paperwidth=597.50787pt
* \paperheight=845.04684pt
* \textwidth=498.0pt
* \textheight=720.0pt
* \oddsidemargin=-21.68121pt
* \evensidemargin=-23.35089pt
* \topmargin=-43.36244pt
* \headheight=28.0pt
* \headsep=10.0pt
* \topskip=10.0pt
* \footskip=18.0pt
* \marginparwidth=48.0pt
* \marginparsep=10.0pt
* \columnsep=18.0pt
* \skip\footins=9.0pt plus 4.0pt minus 2.0pt
* \hoffset=0.0pt
* \voffset=0.0pt
* \mag=1000
* \@twocolumntrue
* \@twosidetrue
* \@mparswitchtrue
* \@reversemarginfalse
* (1in=72.27pt=25.4mm, 1cm=28.453pt)

LaTeX Font Info:    Trying to load font information for T1+FiraSans-OsF on inpu
t line 79.
(/usr/share/texlive/texmf-dist/tex/latex/fira/T1FiraSans-OsF.fd
File: T1FiraSans-OsF.fd 2019/10/10 (autoinst) Font definitions for T1/FiraSans-
OsF.
)
LaTeX Font Info:    Font shape `T1/FiraSans-OsF/b/n' in size <8> not available
(Font)              Font shape `T1/FiraSans-OsF/bold/n' tried instead on input 
line 79.
LaTeX Font Info:    Font shape `T1/FiraSans-OsF/bold/n' will be
(Font)              scaled to size 8.0pt on input line 79.
Package microtype Info: Loading generic protrusion settings for font family
(microtype)             `FiraSans-OsF' (encoding: T1).
(microtype)             For optimal results, create family-specific settings.
(microtype)             See the microtype manual for details.
LaTeX Font Info:    Font shape `T1/FiraSans-OsF/b/sc' in size <8> not available

(Font)              Font shape `T1/FiraSans-OsF/bold/sc' tried instead on input
 line 79.
LaTeX Font Info:    Font shape `T1/FiraSans-OsF/bold/sc' will be
(Font)              scaled to size 8.0pt on input line 79.

(/usr/share/texlive/texmf-dist/tex/latex/microtype/mt-cmr.cfg
File: mt-cmr.cfg 2013/05/19 v2.2 microtype config. file: Computer Modern Roman 
(RS)
)
LaTeX Font Info:    Trying to load font information for U+msa on input line 79.


(/usr/share/texlive/texmf-dist/tex/latex/amsfonts/umsa.fd
File: umsa.fd 2013/01/14 v3.01 AMS symbols A
)
(/usr/share/texlive/texmf-dist/tex/latex/microtype/mt-msa.cfg
File: mt-msa.cfg 2006/02/04 v1.1 microtype config. file: AMS symbols (a) (RS)
)
LaTeX Font Info:    Trying to load font information for U+msb on input line 79.


(/usr/share/texlive/texmf-dist/tex/latex/amsfonts/umsb.fd
File: umsb.fd 2013/01/14 v3.01 AMS symbols B
)
(/usr/share/texlive/texmf-dist/tex/latex/microtype/mt-msb.cfg
File: mt-msb.cfg 2005/06/01 v1.0 microtype config. file: AMS symbols (b) (RS)
)
LaTeX Font Info:    Font shape `T1/FiraSans-OsF/b/n' in size <18> not available

(Font)              Font shape `T1/FiraSans-OsF/bold/n' tried instead on input 
line 79.
LaTeX Font Info:    Font shape `T1/FiraSans-OsF/bold/n' will be
(Font)              scaled to size 18.0pt on input line 79.
LaTeX Font Info:    Font shape `T1/FiraSans-OsF/b/n' in size <14> not available

(Font)              Font shape `T1/FiraSans-OsF/bold/n' tried instead on input 
line 79.
LaTeX Font Info:    Font shape `T1/FiraSans-OsF/bold/n' will be
(Font)              scaled to size 14.0pt on input line 79.
LaTeX Font Info:    Font shape `T1/FiraSans-OsF/b/it' in size <14> not availabl
e
(Font)              Font shape `T1/FiraSans-OsF/bold/it' tried instead on input
 line 79.
LaTeX Font Info:    Font shape `T1/FiraSans-OsF/bold/it' will be
(Font)              scaled to size 14.0pt on input line 79.
LaTeX Font Info:    Font shape `T1/FiraSans-OsF/sl/n' in size <10> not availabl
e
(Font)              Font shape `T1/FiraSans-OsF/book/n' tried instead on input 
line 79.
LaTeX Font Info:    Font shape `T1/FiraSans-OsF/book/n' will be
(Font)              scaled to size 10.0pt on input line 79.
LaTeX Font Info:    Font shape `T1/FiraSans-OsF/sl/n' in size <8> not available

(Font)              Font shape `T1/FiraSans-OsF/book/n' tried instead on input 
line 79.
LaTeX Font Info:    Font shape `T1/FiraSans-OsF/book/n' will be
(Font)              scaled to size 8.0pt on input line 79.
LaTeX Font Info:    Trying to load font information for U+fontawesometwo on inp
ut line 79.

(/usr/share/texlive/texmf-dist/tex/latex/fontawesome/ufontawesometwo.fd
File: ufontawesometwo.fd 2016/05/22 Font definitions for U/fontawesometwo.
)

LaTeX Font Warning: Font shape `U/fontawesometwo/sl/n' undefined
(Font)              using `U/fontawesometwo/m/n' instead on input line 79.

LaTeX Font Info:    Font shape `T1/FiraSans-OsF/sl/it' in size <8> not availabl
e
(Font)              Font shape `T1/FiraSans-OsF/book/it' tried instead on input
 line 79.
LaTeX Font Info:    Font shape `T1/FiraSans-OsF/book/it' will be
(Font)              scaled to size 8.0pt on input line 79.

LaTeX Font Warning: Font shape `U/fontawesometwo/m/it' undefined
(Font)              using `U/fontawesometwo/m/n' instead on input line 79.

LaTeX Font Info:    Font shape `T1/FiraSans-OsF/sl/n' in size <9> not available

(Font)              Font shape `T1/FiraSans-OsF/book/n' tried instead on input 
line 79.
LaTeX Font Info:    Font shape `T1/FiraSans-OsF/book/n' will be
(Font)              scaled to size 9.0pt on input line 79.
LaTeX Font Info:    Font shape `T1/FiraSans-OsF/b/n' in size <9> not available
(Font)              Font shape `T1/FiraSans-OsF/bold/n' tried instead on input 
line 79.
LaTeX Font Info:    Font shape `T1/FiraSans-OsF/bold/n' will be
(Font)              scaled to size 9.0pt on input line 79.

Overfull \hbox (66.0pt too wide) in paragraph at lines 79--79
[][]  
 []


Overfull \hbox (66.0pt too wide) in paragraph at lines 79--79
[][]  
 []

LaTeX Font Info:    Font shape `T1/FiraSans-OsF/sl/n' in size <14> not availabl
e
(Font)              Font shape `T1/FiraSans-OsF/book/n' tried instead on input 
line 81.
LaTeX Font Info:    Font shape `T1/FiraSans-OsF/book/n' will be
(Font)              scaled to size 14.0pt on input line 81.
LaTeX Font Info:    Trying to load font information for TS1+qtm on input line 8
4.
(/usr/share/texmf/tex/latex/tex-gyre/ts1qtm.fd
File: ts1qtm.fd 2009/09/25 v1.2 font definition file for TS1/qtm
) [1{/var/lib/texmf/fonts/map/pdftex/updmap/pdftex.map}{/usr/share/texlive/texm
f-dist/fonts/enc/dvips/fira/fir_2mfh3o.enc}{/usr/share/texlive/texmf-dist/fonts
/enc/dvips/fira/fir_iln36p.enc}{/usr/share/texlive/texmf-dist/fonts/enc/dvips/f
ontawesome/fontawesometwo.enc}{/usr/share/texmf/fonts/enc/dvips/tex-gyre/q-ec.e
nc}


{/usr/share/texmf/fonts/enc/dvips/tex-gyre/q-ts1.enc}]
LaTeX Font Info:    Font shape `T1/FiraSans-OsF/sl/n' in size <12> not availabl
e
(Font)              Font shape `T1/FiraSans-OsF/book/n' tried instead on input 
line 92.
LaTeX Font Info:    Font shape `T1/FiraSans-OsF/book/n' will be
(Font)              scaled to size 12.0pt on input line 92.
LaTeX Font Info:    Font shape `T1/FiraSans-OsF/b/n' in size <12> not available

(Font)              Font shape `T1/FiraSans-OsF/bold/n' tried instead on input 
line 92.
LaTeX Font Info:    Font shape `T1/FiraSans-OsF/bold/n' will be
(Font)              scaled to size 12.0pt on input line 92.
 [2]
Underfull \hbox (badness 10000) in paragraph at lines 171--171
[]\T1/qtm/m/n/10 (+20) Júpiter + for-mu-lá-rios
 []

[3]
Underfull \hbox (badness 2452) in paragraph at lines 201--202
[]\T1/qtm/m/n/10 (+20) Ŕ luz desse ce-ná-rio, o Sis-tema de Monitoria-IC
 []


Underfull \hbox (badness 6348) in paragraph at lines 220--221
[]\T1/qtm/b/n/10 (+20) Diferencial do Sis-tema de
 []


Underfull \hbox (badness 10000) in paragraph at lines 222--222
[]\T1/qtm/m/n/10 (+20) Gestăo aca-dę-mica
 []


Underfull \hbox (badness 3792) in paragraph at lines 222--222
[]\T1/qtm/m/n/10 (+20) Mencionado em edi-
 []


Underfull \hbox (badness 10000) in paragraph at lines 222--223
[]\T1/qtm/m/n/10 (+20) Módulo de-di-cado co-brindo
 []


Underfull \hbox (badness 10000) in paragraph at lines 224--224
[]\T1/qtm/m/n/10 (+20) Sistema in-te-grado
 []


Underfull \hbox (badness 4595) in paragraph at lines 224--224
[]\T1/qtm/m/n/10 (+20) Utilizado com do-cu-
 []


Underfull \hbox (badness 2790) in paragraph at lines 224--224
\T1/qtm/m/n/10 (+20) e co-mis-sőes de-par-ta-
 []


Underfull \hbox (badness 5008) in paragraph at lines 224--224
[]\T1/qtm/m/n/10 (+20) Năo iden-ti-fi-cado mó-
 []


Underfull \hbox (badness 10000) in paragraph at lines 226--226
[]\T1/qtm/m/n/10 (+20) Suporte ge-né-rico
 []


Underfull \hbox (badness 10000) in paragraph at lines 226--226
\T1/qtm/m/n/10 (+20) a ati-vi-da-des aca-dę-
 []


Underfull \hbox (badness 10000) in paragraph at lines 226--226
\T1/qtm/m/n/10 (+20) mi-cas, com-bi-nado
 []


Underfull \hbox (badness 10000) in paragraph at lines 226--226
\T1/qtm/m/n/10 (+20) com pro-ce-di-men-tos
 []


Underfull \hbox (badness 1558) in paragraph at lines 226--226
[]\T1/qtm/m/n/10 (+20) Năo há des-cri-çăo pú-
 []


Underfull \hbox (badness 10000) in paragraph at lines 228--228
[]\T1/qtm/m/n/10 (+20) Funcionalidades de
 []


Underfull \hbox (badness 10000) in paragraph at lines 228--228
\T1/qtm/m/n/10 (+20) apoio; mo-ni-to-ria
 []


Underfull \hbox (badness 1275) in paragraph at lines 228--228
\T1/qtm/m/n/10 (+20) de-pende de edi-tais e
 []


Underfull \hbox (badness 5008) in paragraph at lines 228--228
[]\T1/qtm/m/n/10 (+20) Năo iden-ti-fi-cado mó-
 []


Underfull \hbox (badness 1603) in paragraph at lines 228--229
[]\T1/qtm/m/n/10 (+20) Consolidaçăo au-to-má-tica das
 []


Underfull \hbox (badness 10000) in paragraph at lines 230--230
[]\T1/qtm/m/n/10 (+20) Tramitaçăo ele-trô-
 []


Underfull \hbox (badness 3769) in paragraph at lines 230--230
\T1/qtm/m/n/10 (+20) nica de pro-ces-sos
 []


Underfull \hbox (badness 2134) in paragraph at lines 230--230
[]\T1/qtm/m/n/10 (+20) Focado em pro-ces-sos
 []


Underfull \hbox (badness 1009) in paragraph at lines 230--230
\T1/qtm/m/n/10 (+20) de mo-ni-to-ria de-pende
 []


Underfull \hbox (badness 4193) in paragraph at lines 230--231
[]\T1/qtm/m/n/10 (+20) Catálogo de va-gas e por-tal
 []


Underfull \hbox (badness 2529) in paragraph at lines 230--231
\T1/qtm/m/n/10 (+20) de ins-cri-çőes do aluno in-te-
 []


Underfull \hbox (badness 1418) in paragraph at lines 232--232
\T1/qtm/m/n/10 (+20) tos, bol-sas, ins-cri-
 []


Underfull \hbox (badness 1953) in paragraph at lines 232--232
\T1/qtm/m/n/10 (+20) mo-ni-to-ria, con-ce-bido
 []


Underfull \hbox (badness 10000) in paragraph at lines 232--232
\T1/qtm/m/n/10 (+20) para o con-texto da
 []


Underfull \hbox (badness 10000) in paragraph at lines 232--232
[]\T1/qtm/m/n/10 (+20) Cobre in-te-gral-mente
 []


Underfull \hbox (badness 10000) in paragraph at lines 232--232
\T1/qtm/m/n/10 (+20) as fa-ses 1--5 (re-la-
 []


Underfull \hbox (badness 10000) in paragraph at lines 232--232
\T1/qtm/m/n/10 (+20) tó-rios/certificados
 []

[4]
Underfull \hbox (badness 10000) in paragraph at lines 264--264
[]\T1/qtm/m/it/9 (+20) Workflow \T1/qtm/m/n/9 (+20) de apro-va-çăo com es-ta-do
s
 []


Underfull \hbox (badness 10000) in paragraph at lines 273--273
[]\T1/qtm/m/n/9 (+20) Geraçăo de pla-ni-lha con-so-li-dada para Ins-ti-
 []


Underfull \hbox (badness 1122) in paragraph at lines 295--295
[]\T1/qtm/m/n/9 (+20) Integridade re-fe-ren-cial com res-tri-çőes no Post-
 []

Package microtype Info: Loading generic protrusion settings for font family
(microtype)             `cmtt' (encoding: T1).
(microtype)             For optimal results, create family-specific settings.
(microtype)             See the microtype manual for details.

Underfull \hbox (badness 4805) in paragraph at lines 319--320
[]\T1/qtm/m/n/10 (+20) A \T1/qtm/b/n/10 (+20) ca-mada de ne-gó-cio \T1/qtm/m/n/
10 (+20) con-cen-tra ser-vi-ços es-pe-
 []


Underfull \hbox (badness 4739) in paragraph at lines 319--320
\T1/qtm/m/n/10 (+20) ci-a-li-za-dos: \T1/cmtt/m/n/10 ProjectService \T1/qtm/m/n
/10 (+20) (ci-clo de vida de pro-
 []


Underfull \hbox (badness 3657) in paragraph at lines 319--320
\T1/qtm/m/n/10 (+20) je-tos), \T1/cmtt/m/n/10 SelectionService \T1/qtm/m/n/10 (
+20) (ins-cri-çőes e se-le-çăo com
 []

LaTeX Font Info:    Font shape `T1/FiraSans-OsF/b/n' in size <10> not available

(Font)              Font shape `T1/FiraSans-OsF/bold/n' tried instead on input 
line 410.
LaTeX Font Info:    Font shape `T1/FiraSans-OsF/bold/n' will be
(Font)              scaled to size 10.0pt on input line 410.
LaTeX Font Info:    Font shape `T1/FiraSans-OsF/b/it' in size <10> not availabl
e
(Font)              Font shape `T1/FiraSans-OsF/bold/it' tried instead on input
 line 410.
LaTeX Font Info:    Font shape `T1/FiraSans-OsF/bold/it' will be
(Font)              scaled to size 10.0pt on input line 410.
[5]
Underfull \hbox (badness 1609) in paragraph at lines 423--424
\T1/qtm/m/n/10 (+20) O mo-delo de da-dos se-gue prin-cí-pios de nor-ma-li-za-çă
o
 []


Underfull \hbox (badness 1490) in paragraph at lines 423--424
\T1/qtm/m/n/10 (+20) (3NF) e in-te-gri-dade re-fe-ren-cial. As prin-ci-pais en-
ti-da-
 []

<images/monitoria/data-model-erd.png, id=294, 2066.72125pt x 2237.35875pt>
File: images/monitoria/data-model-erd.png Graphic file (type png)
<use images/monitoria/data-model-erd.png>
Package pdftex.def Info: images/monitoria/data-model-erd.png  used on input lin
e 427.
(pdftex.def)             Requested size: 240.0pt x 259.80008pt.
[6 <./images/monitoria/data-model-erd.png>]
Underfull \hbox (badness 3612) in paragraph at lines 470--471
[]\T1/qtm/m/n/10 (+20) A or-ga-ni-za-çăo da ló-gica de ne-gó-cio se-gue uma
 []


Underfull \hbox (badness 1292) in paragraph at lines 470--471
\T1/qtm/m/n/10 (+20) por do-mí-nio. O \T1/qtm/m/it/10 (+20) rou-ter \T1/qtm/m/n
/10 (+20) prin-ci-pal (\T1/cmtt/m/n/10 appRouter\T1/qtm/m/n/10 (+20) ) agrega
 []


Underfull \hbox (badness 2213) in paragraph at lines 470--471
\T1/cmtt/m/n/10 user\T1/qtm/m/n/10 (+20) , \T1/cmtt/m/n/10 apiKey\T1/qtm/m/n/10
 (+20) ), en-ti-da-des aca-dę-mi-cas (\T1/cmtt/m/n/10 departamento\T1/qtm/m/n/1
0 (+20) ,
 []


Underfull \hbox (badness 4072) in paragraph at lines 470--471
\T1/cmtt/m/n/10 curso\T1/qtm/m/n/10 (+20) , \T1/cmtt/m/n/10 discipline\T1/qtm/m
/n/10 (+20) ), ges-tăo de mo-ni-to-ria (\T1/cmtt/m/n/10 projeto\T1/qtm/m/n/10 (
+20) ,
 []


Underfull \hbox (badness 10000) in paragraph at lines 470--471
\T1/cmtt/m/n/10 projetoTemplates\T1/qtm/m/n/10 (+20) , \T1/cmtt/m/n/10 edital\T
1/qtm/m/n/10 (+20) , \T1/cmtt/m/n/10 inscricao\T1/qtm/m/n/10 (+20) , \T1/cmtt/m
/n/10 selecao\T1/qtm/m/n/10 (+20) ,
 []


Underfull \hbox (badness 5832) in paragraph at lines 470--471
\T1/qtm/m/n/10 (+20) pa-ra-lelo por múl-ti-plos de-sen-vol-ve-do-res sem con-fl
i-tos
 []

<images/monitoria/landing.png, id=312, 3163.82pt x 3503.0875pt>
File: images/monitoria/landing.png Graphic file (type png)
<use images/monitoria/landing.png>
Package pdftex.def Info: images/monitoria/landing.png  used on input line 478.
(pdftex.def)             Requested size: 227.99927pt x 252.40385pt.
<images/monitoria/admin-dashboard.png, id=313, 3513.125pt x 2091.815pt>
File: images/monitoria/admin-dashboard.png Graphic file (type png)
<use images/monitoria/admin-dashboard.png>
Package pdftex.def Info: images/monitoria/admin-dashboard.png  used on input li
ne 485.
(pdftex.def)             Requested size: 227.99927pt x 135.74931pt.
<images/Assinatura de Projeto.png, id=314, 4111.36pt x 2230.3325pt>
File: images/Assinatura de Projeto.png Graphic file (type png)
<use images/Assinatura de Projeto.png>
Package pdftex.def Info: images/Assinatura de Projeto.png  used on input line 4
92.
(pdftex.def)             Requested size: 227.99927pt x 123.6726pt.
<images/Planilha Prograd.png, id=315, 4111.36pt x 2230.3325pt>
File: images/Planilha Prograd.png Graphic file (type png)
<use images/Planilha Prograd.png>
Package pdftex.def Info: images/Planilha Prograd.png  used on input line 499.
(pdftex.def)             Requested size: 227.99927pt x 123.6726pt.
<images/monitoria/student-resultados.png, id=316, 3513.125pt x 2091.815pt>
File: images/monitoria/student-resultados.png Graphic file (type png)
<use images/monitoria/student-resultados.png>
Package pdftex.def Info: images/monitoria/student-resultados.png  used on input
 line 506.
(pdftex.def)             Requested size: 227.99927pt x 135.74931pt.
[7 <./images/monitoria/landing.png (PNG copy)> <./images/monitoria/admin-dashbo
ard.png (PNG copy)>]
Underfull \hbox (badness 1616) in paragraph at lines 553--553
[]\T1/qtm/m/n/9 (+20) Importar pla-ne-ja-mento, apro-var
 []


Underfull \hbox (badness 10000) in paragraph at lines 556--556
[]\T1/qtm/m/n/9 (+20) Inscriçăo com \T1/qtm/m/it/9 (+20) upload \T1/qtm/m/n/9 (
+20) de
 []


Underfull \hbox (badness 10000) in paragraph at lines 556--556
\T1/qtm/m/n/9 (+20) RG/CPF/histórico, equi-va-lęn-
 []

[8 <./images/Assinatura de Projeto.png> <./images/Planilha Prograd.png> <./imag
es/monitoria/student-resultados.png (PNG copy)>] [9] [10] [11] [12{/usr/share/t
exmf/fonts/enc/dvips/tex-gyre/q-ec-sc.enc}] (./main.bbl
Underfull \hbox (badness 1642) in paragraph at lines 77--81
\T1/qtm/m/n/10 (+20) grama de mo-ni-to-res para o en-sino su-pe-rior.  \T1/qtm/
m/it/10 (+20) Es-tu-
 []

) [13


]
Underfull \hbox (badness 10000) in paragraph at lines 638--638
[]\T1/qtm/m/n/9 (+20) Projeto tran-sita em
 []


Underfull \hbox (badness 10000) in paragraph at lines 638--638
\T1/qtm/m/sc/9/50ls (-12) Draft$\OMS/cmsy/m/n/9 !$\T1/qtm/m/sc/9/50ls (-12) Sub
mitted$\OMS/cmsy/m/n/9 !$\T1/qtm/m/sc/9/50ls (-12) Approved/Rejected
 []


Underfull \hbox (badness 10000) in paragraph at lines 677--677
[]\T1/qtm/m/it/9 (+20) Logs \T1/qtm/m/n/9 (+20) es-tru-tu-ra-dos em JSON e mé-t
ri-cas
 []

[14

]
Underfull \hbox (badness 1242) in paragraph at lines 698--698
[]\T1/qtm/m/n/9 (+20) RBAC blo-queia rota ad-min para
 []


Underfull \hbox (badness 1460) in paragraph at lines 706--706
[]\T1/qtm/m/n/9 (+20) Lançamento de no-tas e ran-que-a-
 []


Underfull \hbox (badness 10000) in paragraph at lines 708--708
[]\T1/qtm/m/n/9 (+20) Vaga mar-cada como
 []

[15] [16] (./main.aux)
 ***********
LaTeX2e <2025-11-01>
L3 programming layer <2026-01-19>
 ***********


LaTeX Font Warning: Some font shapes were not available, defaults substituted.

Package rerunfilecheck Info: File `main.out' has not changed.
(rerunfilecheck)             Checksum: 0259B6F118BC6F2095039791BFB4B672;6227.
 ) 
Here is how much of TeX's memory you used:
 35568 strings out of 469494
 673591 string characters out of 5469291
 1158239 words of memory out of 5000000
 63105 multiletter control sequences out of 15000+600000
 950004 words of font info for 334 fonts, out of 8000000 for 9000
 16 hyphenation exceptions out of 8191
 132i,16n,135p,1707b,1267s stack positions out of 10000i,1000n,20000p,200000b,200000s
 </home/luis/.texlive2025/texmf-var/fonts/pk/ljfour/jknappen/ec/ectt0900.600p
k> </home/luis/.texlive2025/texmf-var/fonts/pk/ljfour/jknappen/ec/ectt1000.600p
k></usr/share/texlive/texmf-dist/fonts/type1/public/fira/FiraSans-Bold.pfb></us
r/share/texlive/texmf-dist/fonts/type1/public/fira/FiraSans-BoldItalic.pfb></us
r/share/texlive/texmf-dist/fonts/type1/public/fira/FiraSans-Book.pfb></usr/shar
e/texlive/texmf-dist/fonts/type1/public/fira/FiraSans-BookItalic.pfb></usr/shar
e/texlive/texmf-dist/fonts/type1/public/fontawesome/FontAwesome.pfb></usr/share
/texlive/texmf-dist/fonts/type1/public/amsfonts/cm/cmmi9.pfb></usr/share/texliv
e/texmf-dist/fonts/type1/public/amsfonts/cm/cmr9.pfb></usr/share/texlive/texmf-
dist/fonts/type1/public/amsfonts/cm/cmsy9.pfb></usr/share/texmf/fonts/type1/pub
lic/tex-gyre/qtmb.pfb></usr/share/texmf/fonts/type1/public/tex-gyre/qtmbi.pfb><
/usr/share/texmf/fonts/type1/public/tex-gyre/qtmr.pfb></usr/share/texmf/fonts/t
ype1/public/tex-gyre/qtmri.pfb>
Output written on main.pdf (16 pages, 2756860 bytes).
PDF statistics:
 561 PDF objects out of 1000 (max. 8388607)
 438 compressed objects within 5 object streams
 96 named destinations out of 1000 (max. 500000)
 96555 words of extra memory for PDF output out of 106986 (max. 10000000)

